<?xml version="1.0" encoding="UTF-8"?>
<!-- Generated by org.testng.reporters.JUnitReportReporter -->
<testsuite hostname="IGNP-LPWDEV0017" failures="0" tests="1" name="Sample_google.Sample_web.GoogleSearchTest" time="2.895" errors="0" timestamp="2024-06-23T15:51:56 IST" skipped="0">
  <testcase classname="Sample_google.Sample_web.GoogleSearchTest" name="testGoogleSearch" time="2.895"/>
  <system-out/>
</testsuite> <!-- Sample_google.Sample_web.GoogleSearchTest -->
